<?xml version="1.0" encoding="UTF-8"?>
<testng-results ignored="0" total="1" passed="1" failed="0" skipped="0">
  <reporter-output>
  </reporter-output>
  <suite started-at="2025-04-10T11:33:16 CDT" name="Default suite" finished-at="2025-04-10T11:33:19 CDT" duration-ms="3009">
    <groups>
    </groups>
    <test started-at="2025-04-10T11:33:16 CDT" name="Default test" finished-at="2025-04-10T11:33:19 CDT" duration-ms="3009">
      <class name="tests.LoginTest">
        <test-method is-config="true" signature="setUp()[pri:0, instance:tests.LoginTest@48aca48b]" started-at="2025-04-10T11:33:16 CDT" name="setUp" finished-at="2025-04-10T11:33:18 CDT" duration-ms="2120" status="PASS">
          <reporter-output>
          </reporter-output>
        </test-method> <!-- setUp -->
        <test-method signature="testValidLogin()[pri:0, instance:tests.LoginTest@48aca48b]" started-at="2025-04-10T11:33:18 CDT" name="testValidLogin" finished-at="2025-04-10T11:33:19 CDT" duration-ms="700" status="PASS">
          <reporter-output>
          </reporter-output>
        </test-method> <!-- testValidLogin -->
        <test-method is-config="true" signature="teatDown()[pri:0, instance:tests.LoginTest@48aca48b]" started-at="2025-04-10T11:33:19 CDT" name="teatDown" finished-at="2025-04-10T11:33:19 CDT" duration-ms="150" status="PASS">
          <reporter-output>
          </reporter-output>
        </test-method> <!-- teatDown -->
      </class> <!-- tests.LoginTest -->
    </test> <!-- Default test -->
  </suite> <!-- Default suite -->
</testng-results>
