<?xml version="1.0" encoding="UTF-8"?>
<testng-results ignored="0" total="1" passed="1" failed="0" skipped="0">
  <reporter-output>
  </reporter-output>
  <suite started-at="2025-04-10T10:15:16 CDT" name="Suite" finished-at="2025-04-10T10:15:20 CDT" duration-ms="3812">
    <groups>
    </groups>
    <test started-at="2025-04-10T10:15:16 CDT" name="Test" finished-at="2025-04-10T10:15:20 CDT" duration-ms="3812">
      <class name="tests.LoginTest">
        <test-method is-config="true" signature="setUp()[pri:0, instance:tests.LoginTest@29215f06]" started-at="2025-04-10T10:15:16 CDT" name="setUp" finished-at="2025-04-10T10:15:19 CDT" duration-ms="2674" status="PASS">
          <reporter-output>
          </reporter-output>
        </test-method> <!-- setUp -->
        <test-method signature="testValidLogin()[pri:0, instance:tests.LoginTest@29215f06]" started-at="2025-04-10T10:15:19 CDT" name="testValidLogin" finished-at="2025-04-10T10:15:20 CDT" duration-ms="891" status="PASS">
          <reporter-output>
          </reporter-output>
        </test-method> <!-- testValidLogin -->
        <test-method is-config="true" signature="teatDown()[pri:0, instance:tests.LoginTest@29215f06]" started-at="2025-04-10T10:15:20 CDT" name="teatDown" finished-at="2025-04-10T10:15:20 CDT" duration-ms="170" status="PASS">
          <reporter-output>
          </reporter-output>
        </test-method> <!-- teatDown -->
      </class> <!-- tests.LoginTest -->
    </test> <!-- Test -->
  </suite> <!-- Suite -->
</testng-results>
